<?xml version="1.0" encoding="UTF-8"?>
<!-- Generated by org.testng.reporters.JUnitReportReporter -->
<testsuite hostname="Iryna-Kaleniuks-MacBook-Pro-Retina.local" name="core.SignUp_POMTest" tests="150" failures="0" timestamp="18 Jun 2016 18:23:14 GMT" time="1.722" errors="0">
  <testcase name="isElementPresentTest" time="0.009" classname="core.SignUp_POMTest"/>
  <testcase name="getElementDimensionTest" time="0.017" classname="core.SignUp_POMTest"/>
  <testcase name="getElementSizeTest" time="0.017" classname="core.SignUp_POMTest"/>
  <testcase name="getElementSizeTest" time="0.015" classname="core.SignUp_POMTest"/>
  <testcase name="getElementSizeTest" time="0.015" classname="core.SignUp_POMTest"/>
  <testcase name="isElementVisibleTest" time="0.009" classname="core.SignUp_POMTest"/>
  <testcase name="isElementVisibleTest" time="0.010" classname="core.SignUp_POMTest"/>
  <testcase name="isElementVisibleTest" time="0.009" classname="core.SignUp_POMTest"/>
  <testcase name="getElementSizeTest" time="0.016" classname="core.SignUp_POMTest"/>
  <testcase name="isElementVisibleTest" time="0.009" classname="core.SignUp_POMTest"/>
  <testcase name="isElementVisibleTest" time="0.010" classname="core.SignUp_POMTest"/>
  <testcase name="isElementPresentTest" time="0.004" classname="core.SignUp_POMTest"/>
  <testcase name="isElementPresentTest" time="0.005" classname="core.SignUp_POMTest"/>
  <testcase name="isElementPresentTest" time="0.006" classname="core.SignUp_POMTest"/>
  <testcase name="isElementEnabledTest" time="0.008" classname="core.SignUp_POMTest"/>
  <testcase name="getElementDimensionTest" time="0.033" classname="core.SignUp_POMTest"/>
  <testcase name="isElementEnabledTest" time="0.009" classname="core.SignUp_POMTest"/>
  <testcase name="isElementPresentTest" time="0.006" classname="core.SignUp_POMTest"/>
  <testcase name="isElementPresentTest" time="0.006" classname="core.SignUp_POMTest"/>
  <testcase name="getElementDimensionTest" time="0.015" classname="core.SignUp_POMTest"/>
  <testcase name="getElementDimensionTest" time="0.014" classname="core.SignUp_POMTest"/>
  <testcase name="getElementSizeTest" time="0.015" classname="core.SignUp_POMTest"/>
  <testcase name="isElementEnabledTest" time="0.007" classname="core.SignUp_POMTest"/>
  <testcase name="getElementDimensionTest" time="0.017" classname="core.SignUp_POMTest"/>
  <testcase name="getElementDimensionTest" time="0.016" classname="core.SignUp_POMTest"/>
  <testcase name="getElementSizeTest" time="0.013" classname="core.SignUp_POMTest"/>
  <testcase name="isElementVisibleTest" time="0.010" classname="core.SignUp_POMTest"/>
  <testcase name="isElementPresentTest" time="0.007" classname="core.SignUp_POMTest"/>
  <testcase name="isElementEnabledTest" time="0.012" classname="core.SignUp_POMTest"/>
  <testcase name="isElementEnabledTest" time="0.007" classname="core.SignUp_POMTest"/>
  <testcase name="getElementSizeTest" time="0.014" classname="core.SignUp_POMTest"/>
  <testcase name="isElementVisibleTest" time="0.011" classname="core.SignUp_POMTest"/>
  <testcase name="isElementPresentTest" time="0.075" classname="core.SignUp_POMTest"/>
  <testcase name="isElementVisibleTest" time="0.008" classname="core.SignUp_POMTest"/>
  <testcase name="isElementVisibleTest" time="0.011" classname="core.SignUp_POMTest"/>
  <testcase name="getElementSizeTest" time="0.014" classname="core.SignUp_POMTest"/>
  <testcase name="getElementSizeTest" time="0.015" classname="core.SignUp_POMTest"/>
  <testcase name="isElementEnabledTest" time="0.007" classname="core.SignUp_POMTest"/>
  <testcase name="isElementEnabledTest" time="0.007" classname="core.SignUp_POMTest"/>
  <testcase name="isElementEnabledTest" time="0.007" classname="core.SignUp_POMTest"/>
  <testcase name="isElementPresentTest" time="0.008" classname="core.SignUp_POMTest"/>
  <testcase name="isElementPresentTest" time="0.008" classname="core.SignUp_POMTest"/>
  <testcase name="isElementPresentTest" time="0.004" classname="core.SignUp_POMTest"/>
  <testcase name="getElementDimensionTest" time="0.014" classname="core.SignUp_POMTest"/>
  <testcase name="getElementSizeTest" time="0.013" classname="core.SignUp_POMTest"/>
  <testcase name="isElementVisibleTest" time="0.008" classname="core.SignUp_POMTest"/>
  <testcase name="isElementPresentTest" time="0.007" classname="core.SignUp_POMTest"/>
  <testcase name="getElementDimensionTest" time="0.015" classname="core.SignUp_POMTest"/>
  <testcase name="isElementEnabledTest" time="0.007" classname="core.SignUp_POMTest"/>
  <testcase name="isElementPresentTest" time="0.005" classname="core.SignUp_POMTest"/>
  <testcase name="getElementDimensionTest" time="0.018" classname="core.SignUp_POMTest"/>
  <testcase name="isElementVisibleTest" time="0.010" classname="core.SignUp_POMTest"/>
  <testcase name="isElementVisibleTest" time="0.010" classname="core.SignUp_POMTest"/>
  <testcase name="isElementPresentTest" time="0.007" classname="core.SignUp_POMTest"/>
  <testcase name="isElementVisibleTest" time="0.009" classname="core.SignUp_POMTest"/>
  <testcase name="getElementDimensionTest" time="0.018" classname="core.SignUp_POMTest"/>
  <testcase name="isElementEnabledTest" time="0.009" classname="core.SignUp_POMTest"/>
  <testcase name="isElementEnabledTest" time="0.007" classname="core.SignUp_POMTest"/>
  <testcase name="isElementPresentTest" time="0.004" classname="core.SignUp_POMTest"/>
  <testcase name="isElementPresentTest" time="0.005" classname="core.SignUp_POMTest"/>
  <testcase name="isElementVisibleTest" time="0.012" classname="core.SignUp_POMTest"/>
  <testcase name="isElementEnabledTest" time="0.006" classname="core.SignUp_POMTest"/>
  <testcase name="getElementSizeTest" time="0.017" classname="core.SignUp_POMTest"/>
  <testcase name="isElementVisibleTest" time="0.008" classname="core.SignUp_POMTest"/>
  <testcase name="isElementVisibleTest" time="0.010" classname="core.SignUp_POMTest"/>
  <testcase name="isElementVisibleTest" time="0.011" classname="core.SignUp_POMTest"/>
  <testcase name="isElementPresentTest" time="0.006" classname="core.SignUp_POMTest"/>
  <testcase name="getElementSizeTest" time="0.014" classname="core.SignUp_POMTest"/>
  <testcase name="getElementSizeTest" time="0.023" classname="core.SignUp_POMTest"/>
  <testcase name="getElementDimensionTest" time="0.020" classname="core.SignUp_POMTest"/>
  <testcase name="getElementDimensionTest" time="0.014" classname="core.SignUp_POMTest"/>
  <testcase name="isElementVisibleTest" time="0.009" classname="core.SignUp_POMTest"/>
  <testcase name="getElementDimensionTest" time="0.016" classname="core.SignUp_POMTest"/>
  <testcase name="getElementDimensionTest" time="0.015" classname="core.SignUp_POMTest"/>
  <testcase name="isElementPresentTest" time="0.006" classname="core.SignUp_POMTest"/>
  <testcase name="isElementEnabledTest" time="0.006" classname="core.SignUp_POMTest"/>
  <testcase name="isElementEnabledTest" time="0.008" classname="core.SignUp_POMTest"/>
  <testcase name="getElementDimensionTest" time="0.020" classname="core.SignUp_POMTest"/>
  <testcase name="getElementSizeTest" time="0.015" classname="core.SignUp_POMTest"/>
  <testcase name="getElementDimensionTest" time="0.016" classname="core.SignUp_POMTest"/>
  <testcase name="getElementSizeTest" time="0.015" classname="core.SignUp_POMTest"/>
  <testcase name="isElementVisibleTest" time="0.010" classname="core.SignUp_POMTest"/>
  <testcase name="getElementSizeTest" time="0.014" classname="core.SignUp_POMTest"/>
  <testcase name="isElementVisibleTest" time="0.011" classname="core.SignUp_POMTest"/>
  <testcase name="isElementPresentTest" time="0.005" classname="core.SignUp_POMTest"/>
  <testcase name="isElementEnabledTest" time="0.009" classname="core.SignUp_POMTest"/>
  <testcase name="getElementDimensionTest" time="0.014" classname="core.SignUp_POMTest"/>
  <testcase name="getElementSizeTest" time="0.013" classname="core.SignUp_POMTest"/>
  <testcase name="isElementPresentTest" time="0.006" classname="core.SignUp_POMTest"/>
  <testcase name="isElementPresentTest" time="0.006" classname="core.SignUp_POMTest"/>
  <testcase name="isElementEnabledTest" time="0.006" classname="core.SignUp_POMTest"/>
  <testcase name="isElementPresentTest" time="0.008" classname="core.SignUp_POMTest"/>
  <testcase name="getElementSizeTest" time="0.015" classname="core.SignUp_POMTest"/>
  <testcase name="isElementVisibleTest" time="0.010" classname="core.SignUp_POMTest"/>
  <testcase name="isElementVisibleTest" time="0.010" classname="core.SignUp_POMTest"/>
  <testcase name="isElementEnabledTest" time="0.009" classname="core.SignUp_POMTest"/>
  <testcase name="getElementSizeTest" time="0.014" classname="core.SignUp_POMTest"/>
  <testcase name="isElementVisibleTest" time="0.009" classname="core.SignUp_POMTest"/>
  <testcase name="getElementSizeTest" time="0.016" classname="core.SignUp_POMTest"/>
  <testcase name="getElementSizeTest" time="0.015" classname="core.SignUp_POMTest"/>
  <testcase name="getElementSizeTest" time="0.013" classname="core.SignUp_POMTest"/>
  <testcase name="isElementVisibleTest" time="0.009" classname="core.SignUp_POMTest"/>
  <testcase name="getElementSizeTest" time="0.014" classname="core.SignUp_POMTest"/>
  <testcase name="isElementEnabledTest" time="0.007" classname="core.SignUp_POMTest"/>
  <testcase name="isElementEnabledTest" time="0.008" classname="core.SignUp_POMTest"/>
  <testcase name="isElementPresentTest" time="0.007" classname="core.SignUp_POMTest"/>
  <testcase name="isElementVisibleTest" time="0.009" classname="core.SignUp_POMTest"/>
  <testcase name="getElementSizeTest" time="0.013" classname="core.SignUp_POMTest"/>
  <testcase name="getElementDimensionTest" time="0.018" classname="core.SignUp_POMTest"/>
  <testcase name="isElementEnabledTest" time="0.008" classname="core.SignUp_POMTest"/>
  <testcase name="isElementEnabledTest" time="0.007" classname="core.SignUp_POMTest"/>
  <testcase name="getElementDimensionTest" time="0.014" classname="core.SignUp_POMTest"/>
  <testcase name="getElementDimensionTest" time="0.014" classname="core.SignUp_POMTest"/>
  <testcase name="isElementVisibleTest" time="0.009" classname="core.SignUp_POMTest"/>
  <testcase name="isElementEnabledTest" time="0.007" classname="core.SignUp_POMTest"/>
  <testcase name="getElementDimensionTest" time="0.020" classname="core.SignUp_POMTest"/>
  <testcase name="getElementSizeTest" time="0.013" classname="core.SignUp_POMTest"/>
  <testcase name="getElementDimensionTest" time="0.018" classname="core.SignUp_POMTest"/>
  <testcase name="isElementVisibleTest" time="0.010" classname="core.SignUp_POMTest"/>
  <testcase name="getElementSizeTest" time="0.013" classname="core.SignUp_POMTest"/>
  <testcase name="getElementDimensionTest" time="0.017" classname="core.SignUp_POMTest"/>
  <testcase name="isElementVisibleTest" time="0.012" classname="core.SignUp_POMTest"/>
  <testcase name="isElementPresentTest" time="0.006" classname="core.SignUp_POMTest"/>
  <testcase name="getElementDimensionTest" time="0.014" classname="core.SignUp_POMTest"/>
  <testcase name="isElementEnabledTest" time="0.007" classname="core.SignUp_POMTest"/>
  <testcase name="isElementEnabledTest" time="0.008" classname="core.SignUp_POMTest"/>
  <testcase name="getElementDimensionTest" time="0.018" classname="core.SignUp_POMTest"/>
  <testcase name="getElementSizeTest" time="0.014" classname="core.SignUp_POMTest"/>
  <testcase name="isElementEnabledTest" time="0.008" classname="core.SignUp_POMTest"/>
  <testcase name="isElementVisibleTest" time="0.009" classname="core.SignUp_POMTest"/>
  <testcase name="isElementPresentTest" time="0.006" classname="core.SignUp_POMTest"/>
  <testcase name="isElementPresentTest" time="0.005" classname="core.SignUp_POMTest"/>
  <testcase name="getElementDimensionTest" time="0.015" classname="core.SignUp_POMTest"/>
  <testcase name="isElementPresentTest" time="0.006" classname="core.SignUp_POMTest"/>
  <testcase name="isElementEnabledTest" time="0.007" classname="core.SignUp_POMTest"/>
  <testcase name="getElementDimensionTest" time="0.014" classname="core.SignUp_POMTest"/>
  <testcase name="isElementEnabledTest" time="0.007" classname="core.SignUp_POMTest"/>
  <testcase name="isElementVisibleTest" time="0.026" classname="core.SignUp_POMTest"/>
  <testcase name="getElementDimensionTest" time="0.015" classname="core.SignUp_POMTest"/>
  <testcase name="getElementDimensionTest" time="0.014" classname="core.SignUp_POMTest"/>
  <testcase name="getElementSizeTest" time="0.015" classname="core.SignUp_POMTest"/>
  <testcase name="isElementEnabledTest" time="0.007" classname="core.SignUp_POMTest"/>
  <testcase name="getElementSizeTest" time="0.013" classname="core.SignUp_POMTest"/>
  <testcase name="getElementSizeTest" time="0.013" classname="core.SignUp_POMTest"/>
  <testcase name="isElementPresentTest" time="0.007" classname="core.SignUp_POMTest"/>
  <testcase name="isElementPresentTest" time="0.005" classname="core.SignUp_POMTest"/>
  <testcase name="isElementEnabledTest" time="0.008" classname="core.SignUp_POMTest"/>
  <testcase name="isElementPresentTest" time="0.006" classname="core.SignUp_POMTest"/>
  <testcase name="getElementDimensionTest" time="0.015" classname="core.SignUp_POMTest"/>
  <testcase name="isElementEnabledTest" time="0.006" classname="core.SignUp_POMTest"/>
</testsuite> <!-- core.SignUp_POMTest -->
